This is XeTeX, Version 3.141592653-2.6-0.999995 (TeX Live 2023/Debian) (preloaded format=xelatex 2025.2.10)  18 FEB 2025 10:02
entering extended mode
 \write18 enabled.
 %&-line parsing enabled.
**/home/ranjith/Art_work_automation/orders_output/B0604212/pdf/AT_F_B_20_B06042
12.tex

(/home/ranjith/Art_work_automation/orders_output/B0604212/pdf/AT_F_B_20_B060421
2.tex
LaTeX2e <2023-11-01> patch level 1
L3 programming layer <2024-01-22>
(/usr/share/texlive/texmf-dist/tex/latex/base/article.cls
Document Class: article 2023/05/17 v1.4n Standard LaTeX document class
(/usr/share/texlive/texmf-dist/tex/latex/base/size10.clo
File: size10.clo 2023/05/17 v1.4n Standard LaTeX file (size option)
)
\c@part=\count183
\c@section=\count184
\c@subsection=\count185
\c@subsubsection=\count186
\c@paragraph=\count187
\c@subparagraph=\count188
\c@figure=\count189
\c@table=\count190
\abovecaptionskip=\skip48
\belowcaptionskip=\skip49
\bibindent=\dimen140
)
(/usr/share/texlive/texmf-dist/tex/latex/multirow/multirow.sty
Package: multirow 2021/03/15 v2.8 Span multiple rows of a table
\multirow@colwidth=\skip50
\multirow@cntb=\count191
\multirow@dima=\skip51
\bigstrutjot=\dimen141
)
(/usr/share/texlive/texmf-dist/tex/latex/tools/tabularx.sty
Package: tabularx 2023/07/08 v2.11c `tabularx' package (DPC)

(/usr/share/texlive/texmf-dist/tex/latex/tools/array.sty
Package: array 2023/10/16 v2.5g Tabular extension package (FMi)
\col@sep=\dimen142
\ar@mcellbox=\box51
\extrarowheight=\dimen143
\NC@list=\toks17
\extratabsurround=\skip52
\backup@length=\skip53
\ar@cellbox=\box52
)
\TX@col@width=\dimen144
\TX@old@table=\dimen145
\TX@old@col=\dimen146
\TX@target=\dimen147
\TX@delta=\dimen148
\TX@cols=\count192
\TX@ftn=\toks18
)
(/usr/share/texlive/texmf-dist/tex/latex/graphics/graphicx.sty
Package: graphicx 2021/09/16 v1.2d Enhanced LaTeX Graphics (DPC,SPQR)

(/usr/share/texlive/texmf-dist/tex/latex/graphics/keyval.sty
Package: keyval 2022/05/29 v1.15 key=value parser (DPC)
\KV@toks@=\toks19
)
(/usr/share/texlive/texmf-dist/tex/latex/graphics/graphics.sty
Package: graphics 2022/03/10 v1.4e Standard LaTeX Graphics (DPC,SPQR)

(/usr/share/texlive/texmf-dist/tex/latex/graphics/trig.sty
Package: trig 2021/08/11 v1.11 sin cos tan (DPC)
)
(/usr/share/texlive/texmf-dist/tex/latex/graphics-cfg/graphics.cfg
File: graphics.cfg 2016/06/04 v1.11 sample graphics configuration
)
Package graphics Info: Driver file: xetex.def on input line 107.

(/usr/share/texlive/texmf-dist/tex/latex/graphics-def/xetex.def
File: xetex.def 2022/09/22 v5.0n Graphics/color driver for xetex
))
\Gin@req@height=\dimen149
\Gin@req@width=\dimen150
)
(/usr/share/texlive/texmf-dist/tex/latex/adjustbox/adjustbox.sty
Package: adjustbox 2022/10/17 v1.3a Adjusting TeX boxes (trim, clip, ...)

(/usr/share/texlive/texmf-dist/tex/latex/xkeyval/xkeyval.sty
Package: xkeyval 2022/06/16 v2.9 package option processing (HA)

(/usr/share/texlive/texmf-dist/tex/generic/xkeyval/xkeyval.tex
(/usr/share/texlive/texmf-dist/tex/generic/xkeyval/xkvutils.tex
\XKV@toks=\toks20
\XKV@tempa@toks=\toks21
)
\XKV@depth=\count193
File: xkeyval.tex 2014/12/03 v2.7a key=value parser (HA)
))
(/usr/share/texlive/texmf-dist/tex/latex/adjustbox/adjcalc.sty
Package: adjcalc 2012/05/16 v1.1 Provides advanced setlength with multiple back
-ends (calc, etex, pgfmath)
)
(/usr/share/texlive/texmf-dist/tex/latex/adjustbox/trimclip.sty
Package: trimclip 2020/08/19 v1.2 Trim and clip general TeX material

(/usr/share/texlive/texmf-dist/tex/latex/collectbox/collectbox.sty
Package: collectbox 2022/10/17 v0.4c Collect macro arguments as boxes
\collectedbox=\box53
)
\tc@llx=\dimen151
\tc@lly=\dimen152
\tc@urx=\dimen153
\tc@ury=\dimen154
Package trimclip Info: Using driver 'tc-xetex.def'.

(/usr/share/texlive/texmf-dist/tex/latex/adjustbox/tc-xetex.def
File: tc-xetex.def 2019/01/04 v2.2 Clipping driver for xetex
))
\adjbox@Width=\dimen155
\adjbox@Height=\dimen156
\adjbox@Depth=\dimen157
\adjbox@Totalheight=\dimen158
\adjbox@pwidth=\dimen159
\adjbox@pheight=\dimen160
\adjbox@pdepth=\dimen161
\adjbox@ptotalheight=\dimen162

(/usr/share/texlive/texmf-dist/tex/latex/ifoddpage/ifoddpage.sty
Package: ifoddpage 2022/10/18 v1.2 Conditionals for odd/even page detection
\c@checkoddpage=\count194
)
(/usr/share/texlive/texmf-dist/tex/latex/varwidth/varwidth.sty
Package: varwidth 2009/03/30 ver 0.92;  Variable-width minipages
\@vwid@box=\box54
\sift@deathcycles=\count195
\@vwid@loff=\dimen163
\@vwid@roff=\dimen164
))
(/usr/share/texlive/texmf-dist/tex/latex/xcolor/xcolor.sty
Package: xcolor 2023/11/15 v3.01 LaTeX color extensions (UK)

(/usr/share/texlive/texmf-dist/tex/latex/graphics-cfg/color.cfg
File: color.cfg 2016/01/02 v1.6 sample color configuration
)
Package xcolor Info: Driver file: xetex.def on input line 274.

(/usr/share/texlive/texmf-dist/tex/latex/graphics/mathcolor.ltx)
Package xcolor Info: Model `cmy' substituted by `cmy0' on input line 1350.
Package xcolor Info: Model `RGB' extended on input line 1366.
Package xcolor Info: Model `HTML' substituted by `rgb' on input line 1368.
Package xcolor Info: Model `Hsb' substituted by `hsb' on input line 1369.
Package xcolor Info: Model `tHsb' substituted by `hsb' on input line 1370.
Package xcolor Info: Model `HSB' substituted by `hsb' on input line 1371.
Package xcolor Info: Model `Gray' substituted by `gray' on input line 1372.
Package xcolor Info: Model `wave' substituted by `hsb' on input line 1373.
)
(/usr/share/texlive/texmf-dist/tex/latex/svg/svg.sty
Package: svg 2020/11/26 v2.02k (include SVG pictures)

(/usr/share/texlive/texmf-dist/tex/generic/iftex/iftex.sty
Package: iftex 2022/02/03 v1.0f TeX engine tests
)
(/usr/share/texlive/texmf-dist/tex/latex/koma-script/scrbase.sty
Package: scrbase 2023/07/07 v3.41 KOMA-Script package (KOMA-Script-independent 
basics and keyval usage)

(/usr/share/texlive/texmf-dist/tex/latex/koma-script/scrlfile.sty
Package: scrlfile 2023/07/07 v3.41 KOMA-Script package (file load hooks)

(/usr/share/texlive/texmf-dist/tex/latex/koma-script/scrlfile-hook.sty
Package: scrlfile-hook 2023/07/07 v3.41 KOMA-Script package (using LaTeX hooks)


(/usr/share/texlive/texmf-dist/tex/latex/koma-script/scrlogo.sty
Package: scrlogo 2023/07/07 v3.41 KOMA-Script package (logo)
)))
Applying: [2021/05/01] Usage of raw or classic option list on input line 252.
Already applied: [0000/00/00] Usage of raw or classic option list on input line
 368.
)
(/usr/share/texlive/texmf-dist/tex/generic/pdftexcmds/pdftexcmds.sty
Package: pdftexcmds 2020-06-27 v0.33 Utility functions of pdfTeX for LuaTeX (HO
)

(/usr/share/texlive/texmf-dist/tex/generic/infwarerr/infwarerr.sty
Package: infwarerr 2019/12/03 v1.5 Providing info/warning/error messages (HO)
)
(/usr/share/texlive/texmf-dist/tex/generic/ltxcmds/ltxcmds.sty
Package: ltxcmds 2023-12-04 v1.26 LaTeX kernel commands for general use (HO)
)
Package pdftexcmds Info: \pdf@primitive is available.
Package pdftexcmds Info: \pdf@ifprimitive is available.
Package pdftexcmds Info: \pdfdraftmode not found.
)
(/usr/share/texlive/texmf-dist/tex/latex/trimspaces/trimspaces.sty
Package: trimspaces 2009/09/17 v1.1 Trim spaces around a token list
)
(/usr/share/texlive/texmf-dist/tex/latex/tools/shellesc.sty
Package: shellesc 2023/07/08 v1.0d unified shell escape interface for LaTeX
Package shellesc Info: Unrestricted shell escape enabled on input line 75.
)
(/usr/share/texlive/texmf-dist/tex/latex/ifplatform/ifplatform.sty
Package: ifplatform 2017/10/13 v0.4a Testing for the operating system

(/usr/share/texlive/texmf-dist/tex/generic/catchfile/catchfile.sty
Package: catchfile 2019/12/09 v1.8 Catch the contents of a file (HO)

(/usr/share/texlive/texmf-dist/tex/generic/etexcmds/etexcmds.sty
Package: etexcmds 2019/12/15 v1.7 Avoid name clashes with e-TeX commands (HO)
))
(/usr/share/texlive/texmf-dist/tex/generic/iftex/ifluatex.sty
Package: ifluatex 2019/10/25 v1.5 ifluatex legacy package. Use iftex instead.
)
runsystem(uname -s > "AT_F_B_20_B0604212.w18")...executed.


(./AT_F_B_20_B0604212.w18)
runsystem(rm -- "AT_F_B_20_B0604212.w18")...executed.

)
\c@svg@param@lastpage=\count196
\svg@box=\box55
\c@svg@param@currpage=\count197
)
(/usr/share/texlive/texmf-dist/tex/latex/transparent/transparent.sty
Package: transparent 2022-10-27 v1.5 Transparency with color stacks

(/usr/share/texlive/texmf-dist/tex/latex/transparent/transparent-nometadata.sty
Package: transparent-nometadata 2022-10-27 v1.5 Transparency via pdfTeX's color
 stack (HO)

Package transparent Warning: Loading aborted, because pdfTeX is not running in 
PDF mode.

)) (/usr/share/texlive/texmf-dist/tex/latex/pgf/systemlayer/pgfsys.sty
(/usr/share/texlive/texmf-dist/tex/latex/pgf/utilities/pgfrcs.sty
(/usr/share/texlive/texmf-dist/tex/generic/pgf/utilities/pgfutil-common.tex
\pgfutil@everybye=\toks22
\pgfutil@tempdima=\dimen165
\pgfutil@tempdimb=\dimen166
)
(/usr/share/texlive/texmf-dist/tex/generic/pgf/utilities/pgfutil-latex.def
\pgfutil@abb=\box56
)
(/usr/share/texlive/texmf-dist/tex/generic/pgf/utilities/pgfrcs.code.tex
(/usr/share/texlive/texmf-dist/tex/generic/pgf/pgf.revision.tex)
Package: pgfrcs 2023-01-15 v3.1.10 (3.1.10)
))
(/usr/share/texlive/texmf-dist/tex/generic/pgf/systemlayer/pgfsys.code.tex
Package: pgfsys 2023-01-15 v3.1.10 (3.1.10)

(/usr/share/texlive/texmf-dist/tex/generic/pgf/utilities/pgfkeys.code.tex
\pgfkeys@pathtoks=\toks23
\pgfkeys@temptoks=\toks24

(/usr/share/texlive/texmf-dist/tex/generic/pgf/utilities/pgfkeyslibraryfiltered
.code.tex
\pgfkeys@tmptoks=\toks25
))
\pgf@x=\dimen167
\pgf@y=\dimen168
\pgf@xa=\dimen169
\pgf@ya=\dimen170
\pgf@xb=\dimen171
\pgf@yb=\dimen172
\pgf@xc=\dimen173
\pgf@yc=\dimen174
\pgf@xd=\dimen175
\pgf@yd=\dimen176
\w@pgf@writea=\write3
\r@pgf@reada=\read2
\c@pgf@counta=\count198
\c@pgf@countb=\count199
\c@pgf@countc=\count266
\c@pgf@countd=\count267
\t@pgf@toka=\toks26
\t@pgf@tokb=\toks27
\t@pgf@tokc=\toks28
\pgf@sys@id@count=\count268
 (/usr/share/texlive/texmf-dist/tex/generic/pgf/systemlayer/pgf.cfg
File: pgf.cfg 2023-01-15 v3.1.10 (3.1.10)
)
Driver file for pgf: pgfsys-xetex.def
(/usr/share/texlive/texmf-dist/tex/generic/pgf/systemlayer/pgfsys-xetex.def
File: pgfsys-xetex.def 2023-01-15 v3.1.10 (3.1.10)

(/usr/share/texlive/texmf-dist/tex/generic/pgf/systemlayer/pgfsys-dvipdfmx.def
File: pgfsys-dvipdfmx.def 2023-01-15 v3.1.10 (3.1.10)

(/usr/share/texlive/texmf-dist/tex/generic/pgf/systemlayer/pgfsys-common-pdf.de
f
File: pgfsys-common-pdf.def 2023-01-15 v3.1.10 (3.1.10)
)
\pgfsys@objnum=\count269
)))
(/usr/share/texlive/texmf-dist/tex/generic/pgf/systemlayer/pgfsyssoftpath.code.
tex
File: pgfsyssoftpath.code.tex 2023-01-15 v3.1.10 (3.1.10)
\pgfsyssoftpath@smallbuffer@items=\count270
\pgfsyssoftpath@bigbuffer@items=\count271
)
(/usr/share/texlive/texmf-dist/tex/generic/pgf/systemlayer/pgfsysprotocol.code.
tex
File: pgfsysprotocol.code.tex 2023-01-15 v3.1.10 (3.1.10)
)) (/usr/share/texlive/texmf-dist/tex/latex/geometry/geometry.sty
Package: geometry 2020/01/02 v5.9 Page Geometry

(/usr/share/texlive/texmf-dist/tex/generic/iftex/ifvtex.sty
Package: ifvtex 2019/10/25 v1.7 ifvtex legacy package. Use iftex instead.
)
\Gm@cnth=\count272
\Gm@cntv=\count273
\c@Gm@tempcnt=\count274
\Gm@bindingoffset=\dimen177
\Gm@wd@mp=\dimen178
\Gm@odd@mp=\dimen179
\Gm@even@mp=\dimen180
\Gm@layoutwidth=\dimen181
\Gm@layoutheight=\dimen182
\Gm@layouthoffset=\dimen183
\Gm@layoutvoffset=\dimen184
\Gm@dimlist=\toks29
)
(/usr/share/texlive/texmf-dist/tex/latex/tools/layout.sty
Package: layout 2023-08-20 v1.2e Show layout parameters
\oneinch=\count275
\cnt@paperwidth=\count276
\cnt@paperheight=\count277
\cnt@hoffset=\count278
\cnt@voffset=\count279
\cnt@textheight=\count280
\cnt@textwidth=\count281
\cnt@topmargin=\count282
\cnt@oddsidemargin=\count283
\cnt@evensidemargin=\count284
\cnt@headheight=\count285
\cnt@headsep=\count286
\cnt@marginparsep=\count287
\cnt@marginparwidth=\count288
\cnt@marginparpush=\count289
\cnt@footskip=\count290
\fheight=\count291
\ref@top=\count292
\ref@hoffset=\count293
\ref@voffset=\count294
\ref@head=\count295
\ref@body=\count296
\ref@foot=\count297
\ref@margin=\count298
\ref@marginwidth=\count299
\ref@marginpar=\count300
\Interval=\count301
\ExtraYPos=\count302
\PositionX=\count303
\PositionY=\count304
\ArrowLength=\count305
)
(/usr/share/texlive/texmf-dist/tex/latex/fontspec/fontspec.sty
(/usr/share/texlive/texmf-dist/tex/latex/l3packages/xparse/xparse.sty
(/usr/share/texlive/texmf-dist/tex/latex/l3kernel/expl3.sty
Package: expl3 2024-01-22 L3 programming layer (loader) 

(/usr/share/texlive/texmf-dist/tex/latex/l3backend/l3backend-xetex.def
File: l3backend-xetex.def 2024-01-04 L3 backend support: XeTeX
\g__graphics_track_int=\count306
\l__pdf_internal_box=\box57
\g__pdf_backend_object_int=\count307
\g__pdf_backend_annotation_int=\count308
\g__pdf_backend_link_int=\count309
))
Package: xparse 2023-10-10 L3 Experimental document command parser
)
Package: fontspec 2022/01/15 v2.8a Font selection for XeLaTeX and LuaLaTeX

(/usr/share/texlive/texmf-dist/tex/latex/fontspec/fontspec-xetex.sty
Package: fontspec-xetex 2022/01/15 v2.8a Font selection for XeLaTeX and LuaLaTe
X
\l__fontspec_script_int=\count310
\l__fontspec_language_int=\count311
\l__fontspec_strnum_int=\count312
\l__fontspec_tmp_int=\count313
\l__fontspec_tmpa_int=\count314
\l__fontspec_tmpb_int=\count315
\l__fontspec_tmpc_int=\count316
\l__fontspec_em_int=\count317
\l__fontspec_emdef_int=\count318
\l__fontspec_strong_int=\count319
\l__fontspec_strongdef_int=\count320
\l__fontspec_tmpa_dim=\dimen185
\l__fontspec_tmpb_dim=\dimen186
\l__fontspec_tmpc_dim=\dimen187

(/usr/share/texlive/texmf-dist/tex/latex/base/fontenc.sty
Package: fontenc 2021/04/29 v2.0v Standard LaTeX package
)
(/usr/share/texlive/texmf-dist/tex/latex/fontspec/fontspec.cfg)))
(/home/ranjith/Art_work_automation/orders_output/B0604212/pdf/AT_F_B_20_B060421
2.aux)
\openout1 = `AT_F_B_20_B0604212.aux'.

LaTeX Font Info:    Checking defaults for OML/cmm/m/it on input line 18.
LaTeX Font Info:    ... okay on input line 18.
LaTeX Font Info:    Checking defaults for OMS/cmsy/m/n on input line 18.
LaTeX Font Info:    ... okay on input line 18.
LaTeX Font Info:    Checking defaults for OT1/cmr/m/n on input line 18.
LaTeX Font Info:    ... okay on input line 18.
LaTeX Font Info:    Checking defaults for T1/cmr/m/n on input line 18.
LaTeX Font Info:    ... okay on input line 18.
LaTeX Font Info:    Checking defaults for TS1/cmr/m/n on input line 18.
LaTeX Font Info:    Trying to load font information for TS1+cmr on input line 1
8.
 (/usr/share/texlive/texmf-dist/tex/latex/base/ts1cmr.fd
File: ts1cmr.fd 2023/04/13 v2.5m Standard LaTeX font definitions
)
LaTeX Font Info:    ... okay on input line 18.
LaTeX Font Info:    Checking defaults for TU/lmr/m/n on input line 18.
LaTeX Font Info:    ... okay on input line 18.
LaTeX Font Info:    Checking defaults for OMX/cmex/m/n on input line 18.
LaTeX Font Info:    ... okay on input line 18.
LaTeX Font Info:    Checking defaults for U/cmr/m/n on input line 18.
LaTeX Font Info:    ... okay on input line 18.

*geometry* driver: auto-detecting
*geometry* detected driver: xetex
*geometry* verbose mode - [ preamble ] result:
* driver: xetex
* paper: a3paper
* layout: <same size as paper>
* layoutoffset:(h,v)=(0.0pt,0.0pt)
* modes: landscape 
* h-part:(L,W,R)=(14.22636pt, 1166.56302pt, 14.22636pt)
* v-part:(T,H,B)=(101.40665pt, 729.41383pt, 14.22636pt)
* \paperwidth=1195.01575pt
* \paperheight=845.04684pt
* \textwidth=1166.56302pt
* \textheight=729.41383pt
* \oddsidemargin=-58.04362pt
* \evensidemargin=-58.04362pt
* \topmargin=-7.86334pt
* \headheight=12.0pt
* \headsep=5.0pt
* \topskip=10.0pt
* \footskip=30.0pt
* \marginparwidth=65.0pt
* \marginparsep=11.0pt
* \columnsep=10.0pt
* \skip\footins=9.0pt plus 4.0pt minus 2.0pt
* \hoffset=0.0pt
* \voffset=-54.2025pt
* \mag=1000
* \@twocolumnfalse
* \@twosidefalse
* \@mparswitchfalse
* \@reversemarginfalse
* (1in=72.27pt=25.4mm, 1cm=28.453pt)


Package fontspec Info: Adjusting the maths setup (use [no-math] to avoid
(fontspec)             this).

\symlegacymaths=\mathgroup4
LaTeX Font Info:    Overwriting symbol font `legacymaths' in version `bold'
(Font)                  OT1/cmr/m/n --> OT1/cmr/bx/n on input line 18.
LaTeX Font Info:    Redeclaring math accent \acute on input line 18.
LaTeX Font Info:    Redeclaring math accent \grave on input line 18.
LaTeX Font Info:    Redeclaring math accent \ddot on input line 18.
LaTeX Font Info:    Redeclaring math accent \tilde on input line 18.
LaTeX Font Info:    Redeclaring math accent \bar on input line 18.
LaTeX Font Info:    Redeclaring math accent \breve on input line 18.
LaTeX Font Info:    Redeclaring math accent \check on input line 18.
LaTeX Font Info:    Redeclaring math accent \hat on input line 18.
LaTeX Font Info:    Redeclaring math accent \dot on input line 18.
LaTeX Font Info:    Redeclaring math accent \mathring on input line 18.
LaTeX Font Info:    Redeclaring math symbol \colon on input line 18.
LaTeX Font Info:    Redeclaring math symbol \Gamma on input line 18.
LaTeX Font Info:    Redeclaring math symbol \Delta on input line 18.
LaTeX Font Info:    Redeclaring math symbol \Theta on input line 18.
LaTeX Font Info:    Redeclaring math symbol \Lambda on input line 18.
LaTeX Font Info:    Redeclaring math symbol \Xi on input line 18.
LaTeX Font Info:    Redeclaring math symbol \Pi on input line 18.
LaTeX Font Info:    Redeclaring math symbol \Sigma on input line 18.
LaTeX Font Info:    Redeclaring math symbol \Upsilon on input line 18.
LaTeX Font Info:    Redeclaring math symbol \Phi on input line 18.
LaTeX Font Info:    Redeclaring math symbol \Psi on input line 18.
LaTeX Font Info:    Redeclaring math symbol \Omega on input line 18.
LaTeX Font Info:    Redeclaring math symbol \mathdollar on input line 18.
LaTeX Font Info:    Redeclaring symbol font `operators' on input line 18.
LaTeX Font Info:    Encoding `OT1' has changed to `TU' for symbol font
(Font)              `operators' in the math version `normal' on input line 18.
LaTeX Font Info:    Overwriting symbol font `operators' in version `normal'
(Font)                  OT1/cmr/m/n --> TU/lmr/m/n on input line 18.
LaTeX Font Info:    Encoding `OT1' has changed to `TU' for symbol font
(Font)              `operators' in the math version `bold' on input line 18.
LaTeX Font Info:    Overwriting symbol font `operators' in version `bold'
(Font)                  OT1/cmr/bx/n --> TU/lmr/m/n on input line 18.
LaTeX Font Info:    Overwriting symbol font `operators' in version `normal'
(Font)                  TU/lmr/m/n --> TU/lmr/m/n on input line 18.
LaTeX Font Info:    Overwriting math alphabet `\mathit' in version `normal'
(Font)                  OT1/cmr/m/it --> TU/lmr/m/it on input line 18.
LaTeX Font Info:    Overwriting math alphabet `\mathbf' in version `normal'
(Font)                  OT1/cmr/bx/n --> TU/lmr/b/n on input line 18.
LaTeX Font Info:    Overwriting math alphabet `\mathsf' in version `normal'
(Font)                  OT1/cmss/m/n --> TU/lmss/m/n on input line 18.
LaTeX Font Info:    Overwriting math alphabet `\mathtt' in version `normal'
(Font)                  OT1/cmtt/m/n --> TU/lmtt/m/n on input line 18.
LaTeX Font Info:    Overwriting symbol font `operators' in version `bold'
(Font)                  TU/lmr/m/n --> TU/lmr/b/n on input line 18.
LaTeX Font Info:    Overwriting math alphabet `\mathit' in version `bold'
(Font)                  OT1/cmr/bx/it --> TU/lmr/b/it on input line 18.
LaTeX Font Info:    Overwriting math alphabet `\mathsf' in version `bold'
(Font)                  OT1/cmss/bx/n --> TU/lmss/b/n on input line 18.
LaTeX Font Info:    Overwriting math alphabet `\mathtt' in version `bold'
(Font)                  OT1/cmtt/m/n --> TU/lmtt/b/n on input line 18.

Overfull \vbox (49.32515pt too high) detected at line 35
 []


Overfull \vbox (39.2001pt too high) detected at line 35
 []


Overfull \vbox (53.32515pt too high) detected at line 35
 []


Overfull \vbox (39.2001pt too high) detected at line 35
 []


Overfull \vbox (53.32515pt too high) detected at line 35
 []


Overfull \vbox (39.2001pt too high) detected at line 35
 []


Overfull \vbox (53.32515pt too high) detected at line 35
 []


Overfull \vbox (39.2001pt too high) detected at line 35
 []


Overfull \vbox (53.32515pt too high) detected at line 35
 []


Overfull \vbox (39.2001pt too high) detected at line 35
 []


Overfull \vbox (53.32515pt too high) detected at line 35
 []


Overfull \vbox (39.2001pt too high) detected at line 35
 []


Overfull \vbox (53.32515pt too high) detected at line 35
 []


Overfull \vbox (39.2001pt too high) detected at line 35
 []

File: Sainmarknewlogo.png Graphic file (type bmp)
<Sainmarknewlogo.png>

Overfull \vbox (53.32515pt too high) detected at line 35
 []


Overfull \vbox (39.2001pt too high) detected at line 35
 []


Package fontspec Info: Font family 'Arial(0)' created for font 'Arial' with
(fontspec)             options [].
(fontspec)              
(fontspec)              This font family consists of the following NFSS
(fontspec)             series/shapes:
(fontspec)              
(fontspec)             - 'normal' (m/n) with NFSS spec.:
(fontspec)             <->"Arial/OT:language=dflt;"
(fontspec)             - 'small caps'  (m/sc) with NFSS spec.: 
(fontspec)             - 'bold' (b/n) with NFSS spec.:
(fontspec)             <->"Arial/B/OT:language=dflt;"
(fontspec)             - 'bold small caps'  (b/sc) with NFSS spec.: 
(fontspec)             - 'italic' (m/it) with NFSS spec.:
(fontspec)             <->"Arial/I/OT:language=dflt;"
(fontspec)             - 'italic small caps'  (m/scit) with NFSS spec.: 
(fontspec)             - 'bold italic' (b/it) with NFSS spec.:
(fontspec)             <->"Arial/BI/OT:language=dflt;"
(fontspec)             - 'bold italic small caps'  (b/scit) with NFSS spec.: 

LaTeX Font Info:    Font shape `TU/Arial(0)/bx/n' in size <14.4> not available
(Font)              Font shape `TU/Arial(0)/b/n' tried instead on input line 38
.
Package svg Info: Calling Inkscape on input line 41.
runsystem(inkscape "orders_output/B0604212/B0604212_AT_F_B_20_920499/1.svg" -C 
--export-filename="1_svg-raw.pdf")...executed.

runsystem(mkdir -p "./svg-inkscape/")...executed.

runsystem(mv "1_svg-raw.pdf" "./svg-inkscape/1_svg-raw.pdf")...executed.

File: ./svg-inkscape/1_svg-raw.pdf Graphic file (type pdf)
<use ./svg-inkscape/1_svg-raw.pdf>
Package svg Info: Calling Inkscape on input line 42.
runsystem(inkscape "orders_output/B0604212/B0604212_AT_F_B_20_920499/7017838_1.
svg" -C --export-filename="7017838_1_svg-raw.pdf")...executed.

runsystem(mkdir -p "./svg-inkscape/")...executed.

runsystem(mv "7017838_1_svg-raw.pdf" "./svg-inkscape/7017838_1_svg-raw.pdf")...
executed.

File: ./svg-inkscape/7017838_1_svg-raw.pdf Graphic file (type pdf)
<use ./svg-inkscape/7017838_1_svg-raw.pdf>
[1

]
Overfull \vbox (49.32515pt too high) detected at line 60
 []


Overfull \vbox (39.2001pt too high) detected at line 60
 []


Overfull \vbox (53.32515pt too high) detected at line 60
 []


Overfull \vbox (39.2001pt too high) detected at line 60
 []


Overfull \vbox (53.32515pt too high) detected at line 60
 []


Overfull \vbox (39.2001pt too high) detected at line 60
 []


Overfull \vbox (53.32515pt too high) detected at line 60
 []


Overfull \vbox (39.2001pt too high) detected at line 60
 []


Overfull \vbox (53.32515pt too high) detected at line 60
 []


Overfull \vbox (39.2001pt too high) detected at line 60
 []


Overfull \vbox (53.32515pt too high) detected at line 60
 []


Overfull \vbox (39.2001pt too high) detected at line 60
 []


Overfull \vbox (53.32515pt too high) detected at line 60
 []


Overfull \vbox (39.2001pt too high) detected at line 60
 []

File: Sainmarknewlogo.png Graphic file (type bmp)
<Sainmarknewlogo.png>

Overfull \vbox (53.32515pt too high) detected at line 60
 []


Overfull \vbox (39.2001pt too high) detected at line 60
 []

File: ./svg-inkscape/1_svg-raw.pdf Graphic file (type pdf)
<use ./svg-inkscape/1_svg-raw.pdf>
Package svg Info: Calling Inkscape on input line 67.
runsystem(inkscape "orders_output/B0604212/B0604212_AT_F_B_20_920499/7017838_2.
svg" -C --export-filename="7017838_2_svg-raw.pdf")...executed.

runsystem(mkdir -p "./svg-inkscape/")...executed.

runsystem(mv "7017838_2_svg-raw.pdf" "./svg-inkscape/7017838_2_svg-raw.pdf")...
executed.

File: ./svg-inkscape/7017838_2_svg-raw.pdf Graphic file (type pdf)
<use ./svg-inkscape/7017838_2_svg-raw.pdf>
Package svg Info: Calling Inkscape on input line 68.
runsystem(inkscape "orders_output/B0604212/B0604212_AT_F_B_20_920499/7018078_3.
svg" -C --export-filename="7018078_3_svg-raw.pdf")...executed.

runsystem(mkdir -p "./svg-inkscape/")...executed.

runsystem(mv "7018078_3_svg-raw.pdf" "./svg-inkscape/7018078_3_svg-raw.pdf")...
executed.

File: ./svg-inkscape/7018078_3_svg-raw.pdf Graphic file (type pdf)
<use ./svg-inkscape/7018078_3_svg-raw.pdf>
Package svg Info: Calling Inkscape on input line 69.
runsystem(inkscape "orders_output/B0604212/B0604212_AT_F_B_20_920499/7018079_4.
svg" -C --export-filename="7018079_4_svg-raw.pdf")...executed.

runsystem(mkdir -p "./svg-inkscape/")...executed.

runsystem(mv "7018079_4_svg-raw.pdf" "./svg-inkscape/7018079_4_svg-raw.pdf")...
executed.

File: ./svg-inkscape/7018079_4_svg-raw.pdf Graphic file (type pdf)
<use ./svg-inkscape/7018079_4_svg-raw.pdf>
Package svg Info: Calling Inkscape on input line 70.
runsystem(inkscape "orders_output/B0604212/B0604212_AT_F_B_20_920499/7018080_5.
svg" -C --export-filename="7018080_5_svg-raw.pdf")...executed.

runsystem(mkdir -p "./svg-inkscape/")...executed.

runsystem(mv "7018080_5_svg-raw.pdf" "./svg-inkscape/7018080_5_svg-raw.pdf")...
executed.

File: ./svg-inkscape/7018080_5_svg-raw.pdf Graphic file (type pdf)
<use ./svg-inkscape/7018080_5_svg-raw.pdf>
Package svg Info: Calling Inkscape on input line 71.
runsystem(inkscape "orders_output/B0604212/B0604212_AT_F_B_20_920499/7018081_6.
svg" -C --export-filename="7018081_6_svg-raw.pdf")...executed.

runsystem(mkdir -p "./svg-inkscape/")...executed.

runsystem(mv "7018081_6_svg-raw.pdf" "./svg-inkscape/7018081_6_svg-raw.pdf")...
executed.

File: ./svg-inkscape/7018081_6_svg-raw.pdf Graphic file (type pdf)
<use ./svg-inkscape/7018081_6_svg-raw.pdf>
Package svg Info: Calling Inkscape on input line 72.
runsystem(inkscape "orders_output/B0604212/B0604212_AT_F_B_20_920499/7018082_7.
svg" -C --export-filename="7018082_7_svg-raw.pdf")...executed.

runsystem(mkdir -p "./svg-inkscape/")...executed.

runsystem(mv "7018082_7_svg-raw.pdf" "./svg-inkscape/7018082_7_svg-raw.pdf")...
executed.

File: ./svg-inkscape/7018082_7_svg-raw.pdf Graphic file (type pdf)
<use ./svg-inkscape/7018082_7_svg-raw.pdf>
Package svg Info: Calling Inkscape on input line 73.
runsystem(inkscape "orders_output/B0604212/B0604212_AT_F_B_20_920499/7018083_8.
svg" -C --export-filename="7018083_8_svg-raw.pdf")...executed.

runsystem(mkdir -p "./svg-inkscape/")...executed.

runsystem(mv "7018083_8_svg-raw.pdf" "./svg-inkscape/7018083_8_svg-raw.pdf")...
executed.

File: ./svg-inkscape/7018083_8_svg-raw.pdf Graphic file (type pdf)
<use ./svg-inkscape/7018083_8_svg-raw.pdf>
[2]
Overfull \vbox (49.32515pt too high) detected at line 91
 []


Overfull \vbox (39.2001pt too high) detected at line 91
 []


Overfull \vbox (53.32515pt too high) detected at line 91
 []


Overfull \vbox (39.2001pt too high) detected at line 91
 []


Overfull \vbox (53.32515pt too high) detected at line 91
 []


Overfull \vbox (39.2001pt too high) detected at line 91
 []


Overfull \vbox (53.32515pt too high) detected at line 91
 []


Overfull \vbox (39.2001pt too high) detected at line 91
 []


Overfull \vbox (53.32515pt too high) detected at line 91
 []


Overfull \vbox (39.2001pt too high) detected at line 91
 []


Overfull \vbox (53.32515pt too high) detected at line 91
 []


Overfull \vbox (39.2001pt too high) detected at line 91
 []


Overfull \vbox (53.32515pt too high) detected at line 91
 []


Overfull \vbox (39.2001pt too high) detected at line 91
 []

File: Sainmarknewlogo.png Graphic file (type bmp)
<Sainmarknewlogo.png>

Overfull \vbox (53.32515pt too high) detected at line 91
 []


Overfull \vbox (39.2001pt too high) detected at line 91
 []

File: ./svg-inkscape/1_svg-raw.pdf Graphic file (type pdf)
<use ./svg-inkscape/1_svg-raw.pdf>
Package svg Info: Calling Inkscape on input line 98.
runsystem(inkscape "orders_output/B0604212/B0604212_AT_F_B_20_920499/7018084_9.
svg" -C --export-filename="7018084_9_svg-raw.pdf")...executed.

runsystem(mkdir -p "./svg-inkscape/")...executed.

runsystem(mv "7018084_9_svg-raw.pdf" "./svg-inkscape/7018084_9_svg-raw.pdf")...
executed.

File: ./svg-inkscape/7018084_9_svg-raw.pdf Graphic file (type pdf)
<use ./svg-inkscape/7018084_9_svg-raw.pdf>
Package svg Info: Calling Inkscape on input line 99.
runsystem(inkscape "orders_output/B0604212/B0604212_AT_F_B_20_920499/7018085_10
.svg" -C --export-filename="7018085_10_svg-raw.pdf")...executed.

runsystem(mkdir -p "./svg-inkscape/")...executed.

runsystem(mv "7018085_10_svg-raw.pdf" "./svg-inkscape/7018085_10_svg-raw.pdf").
..executed.

File: ./svg-inkscape/7018085_10_svg-raw.pdf Graphic file (type pdf)
<use ./svg-inkscape/7018085_10_svg-raw.pdf>
Package svg Info: Calling Inkscape on input line 100.
runsystem(inkscape "orders_output/B0604212/B0604212_AT_F_B_20_920499/7018086_11
.svg" -C --export-filename="7018086_11_svg-raw.pdf")...executed.

runsystem(mkdir -p "./svg-inkscape/")...executed.

runsystem(mv "7018086_11_svg-raw.pdf" "./svg-inkscape/7018086_11_svg-raw.pdf").
..executed.

File: ./svg-inkscape/7018086_11_svg-raw.pdf Graphic file (type pdf)
<use ./svg-inkscape/7018086_11_svg-raw.pdf>
Package svg Info: Calling Inkscape on input line 101.
runsystem(inkscape "orders_output/B0604212/B0604212_AT_F_B_20_920499/7018087_12
.svg" -C --export-filename="7018087_12_svg-raw.pdf")...executed.

runsystem(mkdir -p "./svg-inkscape/")...executed.

runsystem(mv "7018087_12_svg-raw.pdf" "./svg-inkscape/7018087_12_svg-raw.pdf").
..executed.

File: ./svg-inkscape/7018087_12_svg-raw.pdf Graphic file (type pdf)
<use ./svg-inkscape/7018087_12_svg-raw.pdf>
Package svg Info: Calling Inkscape on input line 102.
runsystem(inkscape "orders_output/B0604212/B0604212_AT_F_B_20_920499/7018088_13
.svg" -C --export-filename="7018088_13_svg-raw.pdf")...executed.

runsystem(mkdir -p "./svg-inkscape/")...executed.

runsystem(mv "7018088_13_svg-raw.pdf" "./svg-inkscape/7018088_13_svg-raw.pdf").
..executed.

File: ./svg-inkscape/7018088_13_svg-raw.pdf Graphic file (type pdf)
<use ./svg-inkscape/7018088_13_svg-raw.pdf>
Package svg Info: Calling Inkscape on input line 103.
runsystem(inkscape "orders_output/B0604212/B0604212_AT_F_B_20_920499/7018089_14
.svg" -C --export-filename="7018089_14_svg-raw.pdf")...executed.

runsystem(mkdir -p "./svg-inkscape/")...executed.

runsystem(mv "7018089_14_svg-raw.pdf" "./svg-inkscape/7018089_14_svg-raw.pdf").
..executed.

File: ./svg-inkscape/7018089_14_svg-raw.pdf Graphic file (type pdf)
<use ./svg-inkscape/7018089_14_svg-raw.pdf>
Package svg Info: Calling Inkscape on input line 104.
runsystem(inkscape "orders_output/B0604212/B0604212_AT_F_B_20_920499/7018090_15
.svg" -C --export-filename="7018090_15_svg-raw.pdf")...executed.

runsystem(mkdir -p "./svg-inkscape/")...executed.

runsystem(mv "7018090_15_svg-raw.pdf" "./svg-inkscape/7018090_15_svg-raw.pdf").
..executed.

File: ./svg-inkscape/7018090_15_svg-raw.pdf Graphic file (type pdf)
<use ./svg-inkscape/7018090_15_svg-raw.pdf>
[3]
Overfull \vbox (49.32515pt too high) detected at line 122
 []


Overfull \vbox (39.2001pt too high) detected at line 122
 []


Overfull \vbox (53.32515pt too high) detected at line 122
 []


Overfull \vbox (39.2001pt too high) detected at line 122
 []


Overfull \vbox (53.32515pt too high) detected at line 122
 []


Overfull \vbox (39.2001pt too high) detected at line 122
 []


Overfull \vbox (53.32515pt too high) detected at line 122
 []


Overfull \vbox (39.2001pt too high) detected at line 122
 []


Overfull \vbox (53.32515pt too high) detected at line 122
 []


Overfull \vbox (39.2001pt too high) detected at line 122
 []


Overfull \vbox (53.32515pt too high) detected at line 122
 []


Overfull \vbox (39.2001pt too high) detected at line 122
 []


Overfull \vbox (53.32515pt too high) detected at line 122
 []


Overfull \vbox (39.2001pt too high) detected at line 122
 []

File: Sainmarknewlogo.png Graphic file (type bmp)
<Sainmarknewlogo.png>

Overfull \vbox (53.32515pt too high) detected at line 122
 []


Overfull \vbox (39.2001pt too high) detected at line 122
 []

File: ./svg-inkscape/1_svg-raw.pdf Graphic file (type pdf)
<use ./svg-inkscape/1_svg-raw.pdf>
Package svg Info: Calling Inkscape on input line 129.
runsystem(inkscape "orders_output/B0604212/B0604212_AT_F_B_20_920499/7018091_16
.svg" -C --export-filename="7018091_16_svg-raw.pdf")...executed.

runsystem(mkdir -p "./svg-inkscape/")...executed.

runsystem(mv "7018091_16_svg-raw.pdf" "./svg-inkscape/7018091_16_svg-raw.pdf").
..executed.

File: ./svg-inkscape/7018091_16_svg-raw.pdf Graphic file (type pdf)
<use ./svg-inkscape/7018091_16_svg-raw.pdf>
Package svg Info: Calling Inkscape on input line 130.
runsystem(inkscape "orders_output/B0604212/B0604212_AT_F_B_20_920499/7018092_17
.svg" -C --export-filename="7018092_17_svg-raw.pdf")...executed.

runsystem(mkdir -p "./svg-inkscape/")...executed.

runsystem(mv "7018092_17_svg-raw.pdf" "./svg-inkscape/7018092_17_svg-raw.pdf").
..executed.

File: ./svg-inkscape/7018092_17_svg-raw.pdf Graphic file (type pdf)
<use ./svg-inkscape/7018092_17_svg-raw.pdf>
Package svg Info: Calling Inkscape on input line 131.
runsystem(inkscape "orders_output/B0604212/B0604212_AT_F_B_20_920499/7018093_18
.svg" -C --export-filename="7018093_18_svg-raw.pdf")...executed.

runsystem(mkdir -p "./svg-inkscape/")...executed.

runsystem(mv "7018093_18_svg-raw.pdf" "./svg-inkscape/7018093_18_svg-raw.pdf").
..executed.

File: ./svg-inkscape/7018093_18_svg-raw.pdf Graphic file (type pdf)
<use ./svg-inkscape/7018093_18_svg-raw.pdf>
Package svg Info: Calling Inkscape on input line 132.
runsystem(inkscape "orders_output/B0604212/B0604212_AT_F_B_20_920499/7018094_19
.svg" -C --export-filename="7018094_19_svg-raw.pdf")...executed.

runsystem(mkdir -p "./svg-inkscape/")...executed.

runsystem(mv "7018094_19_svg-raw.pdf" "./svg-inkscape/7018094_19_svg-raw.pdf").
..executed.

File: ./svg-inkscape/7018094_19_svg-raw.pdf Graphic file (type pdf)
<use ./svg-inkscape/7018094_19_svg-raw.pdf>
Package svg Info: Calling Inkscape on input line 133.
runsystem(inkscape "orders_output/B0604212/B0604212_AT_F_B_20_920499/7018095_20
.svg" -C --export-filename="7018095_20_svg-raw.pdf")...executed.

runsystem(mkdir -p "./svg-inkscape/")...executed.

runsystem(mv "7018095_20_svg-raw.pdf" "./svg-inkscape/7018095_20_svg-raw.pdf").
..executed.

File: ./svg-inkscape/7018095_20_svg-raw.pdf Graphic file (type pdf)
<use ./svg-inkscape/7018095_20_svg-raw.pdf>
Package svg Info: Calling Inkscape on input line 134.
runsystem(inkscape "orders_output/B0604212/B0604212_AT_F_B_20_920499/7018096_21
.svg" -C --export-filename="7018096_21_svg-raw.pdf")...executed.

runsystem(mkdir -p "./svg-inkscape/")...executed.

runsystem(mv "7018096_21_svg-raw.pdf" "./svg-inkscape/7018096_21_svg-raw.pdf").
..executed.

File: ./svg-inkscape/7018096_21_svg-raw.pdf Graphic file (type pdf)
<use ./svg-inkscape/7018096_21_svg-raw.pdf>
Package svg Info: Calling Inkscape on input line 135.
runsystem(inkscape "orders_output/B0604212/B0604212_AT_F_B_20_920499/7018097_22
.svg" -C --export-filename="7018097_22_svg-raw.pdf")...executed.

runsystem(mkdir -p "./svg-inkscape/")...executed.

runsystem(mv "7018097_22_svg-raw.pdf" "./svg-inkscape/7018097_22_svg-raw.pdf").
..executed.

File: ./svg-inkscape/7018097_22_svg-raw.pdf Graphic file (type pdf)
<use ./svg-inkscape/7018097_22_svg-raw.pdf>
[4]
(/home/ranjith/Art_work_automation/orders_output/B0604212/pdf/AT_F_B_20_B060421
2.aux)
 ***********
LaTeX2e <2023-11-01> patch level 1
L3 programming layer <2024-01-22>
 ***********
 ) 
Here is how much of TeX's memory you used:
 8624 strings out of 476878
 215038 string characters out of 5805249
 1924627 words of memory out of 5000000
 30347 multiletter control sequences out of 15000+600000
 558205 words of font info for 53 fonts, out of 8000000 for 9000
 14 hyphenation exceptions out of 8191
 94i,12n,93p,537b,496s stack positions out of 10000i,1000n,20000p,200000b,200000s

Output written on /home/ranjith/Art_work_automation/orders_output/B0604212/pdf/
AT_F_B_20_B0604212.pdf (4 pages).
